# JRE version: Java(TM) SE Runtime Environment (7.0_60-b19) (build 1.7.0_60-b19)
# Java VM: Java HotSpot(TM) 64-Bit Server VM (24.60-b09 mixed mode linux-amd64 compressed oops)
Heap
 def new generation   total 37632K, used 0K [0x00000000c0000000, 0x00000000c28d0000, 0x00000000d0000000)
  eden space 33472K,   0% used [0x00000000c0000000, 0x00000000c0000000, 0x00000000c20b0000)
  from space 4160K,   0% used [0x00000000c20b0000, 0x00000000c20b0000, 0x00000000c24c0000)
  to   space 4160K,   0% used [0x00000000c24c0000, 0x00000000c24c0000, 0x00000000c28d0000)
 tenured generation   total 83560K, used 74525K [0x00000000d0000000, 0x00000000d519a000, 0x00000000f0000000)
   the space 83560K,  89% used [0x00000000d0000000, 0x00000000d48c7650, 0x00000000d48c7800, 0x00000000d519a000)
 compacting perm gen  total 53888K, used 53887K [0x00000000f0000000, 0x00000000f34a0000, 0x0000000100000000)
   the space 53888K,  99% used [0x00000000f0000000, 0x00000000f349ffd8, 0x00000000f34a0000, 0x00000000f34a0000)
GC Heap History (10 events):
Event: 40.440 GC heap after
Heap after GC invocations=202 (full 5):
 def new generation   total 37632K, used 1457K [0x00000000c0000000, 0x00000000c28d0000, 0x00000000d0000000)
  eden space 33472K,   0% used [0x00000000c0000000, 0x00000000c0000000, 0x00000000c20b0000)
  from space 4160K,  35% used [0x00000000c20b0000, 0x00000000c221c4d0, 0x00000000c24c0000)
  to   space 4160K,   0% used [0x00000000c24c0000, 0x00000000c24c0000, 0x00000000c28d0000)
 tenured generation   total 83560K, used 63733K [0x00000000d0000000, 0x00000000d519a000, 0x00000000f0000000)
   the space 83560K,  76% used [0x00000000d0000000, 0x00000000d3e3d778, 0x00000000d3e3d800, 0x00000000d519a000)
 compacting perm gen  total 51328K, used 51207K [0x00000000f0000000, 0x00000000f3220000, 0x0000000100000000)
   the space 51328K,  99% used [0x00000000f0000000, 0x00000000f3201c90, 0x00000000f3201e00, 0x00000000f3220000)
No shared spaces configured.
}
Event: 40.888 GC heap before
{Heap before GC invocations=202 (full 5):
 def new generation   total 37632K, used 34929K [0x00000000c0000000, 0x00000000c28d0000, 0x00000000d0000000)
  eden space 33472K, 100% used [0x00000000c0000000, 0x00000000c20b0000, 0x00000000c20b0000)
  from space 4160K,  35% used [0x00000000c20b0000, 0x00000000c221c4d0, 0x00000000c24c0000)
  to   space 4160K,   0% used [0x00000000c24c0000, 0x00000000c24c0000, 0x00000000c28d0000)
 tenured generation   total 83560K, used 63733K [0x00000000d0000000, 0x00000000d519a000, 0x00000000f0000000)
   the space 83560K,  76% used [0x00000000d0000000, 0x00000000d3e3d778, 0x00000000d3e3d800, 0x00000000d519a000)
 compacting perm gen  total 52608K, used 52446K [0x00000000f0000000, 0x00000000f3360000, 0x0000000100000000)
   the space 52608K,  99% used [0x00000000f0000000, 0x00000000f3337ac0, 0x00000000f3337c00, 0x00000000f3360000)
No shared spaces configured.
Event: 40.905 GC heap after
Heap after GC invocations=203 (full 5):
 def new generation   total 37632K, used 4159K [0x00000000c0000000, 0x00000000c28d0000, 0x00000000d0000000)
  eden space 33472K,   0% used [0x00000000c0000000, 0x00000000c0000000, 0x00000000c20b0000)
  from space 4160K,  99% used [0x00000000c24c0000, 0x00000000c28cfff8, 0x00000000c28d0000)
  to   space 4160K,   0% used [0x00000000c20b0000, 0x00000000c20b0000, 0x00000000c24c0000)
 tenured generation   total 83560K, used 64877K [0x00000000d0000000, 0x00000000d519a000, 0x00000000f0000000)
   the space 83560K,  77% used [0x00000000d0000000, 0x00000000d3f5b690, 0x00000000d3f5b800, 0x00000000d519a000)
 compacting perm gen  total 52608K, used 52446K [0x00000000f0000000, 0x00000000f3360000, 0x0000000100000000)
   the space 52608K,  99% used [0x00000000f0000000, 0x00000000f3337ac0, 0x00000000f3337c00, 0x00000000f3360000)
No shared spaces configured.
}
Event: 41.452 GC heap before
{Heap before GC invocations=203 (full 5):
 def new generation   total 37632K, used 37631K [0x00000000c0000000, 0x00000000c28d0000, 0x00000000d0000000)
  eden space 33472K, 100% used [0x00000000c0000000, 0x00000000c20b0000, 0x00000000c20b0000)
  from space 4160K,  99% used [0x00000000c24c0000, 0x00000000c28cfff8, 0x00000000c28d0000)
  to   space 4160K,   0% used [0x00000000c20b0000, 0x00000000c20b0000, 0x00000000c24c0000)
 tenured generation   total 83560K, used 64877K [0x00000000d0000000, 0x00000000d519a000, 0x00000000f0000000)
   the space 83560K,  77% used [0x00000000d0000000, 0x00000000d3f5b690, 0x00000000d3f5b800, 0x00000000d519a000)
 compacting perm gen  total 52928K, used 52819K [0x00000000f0000000, 0x00000000f33b0000, 0x0000000100000000)
   the space 52928K,  99% used [0x00000000f0000000, 0x00000000f3394c28, 0x00000000f3394e00, 0x00000000f33b0000)
No shared spaces configured.
Event: 41.499 GC heap after
Heap after GC invocations=204 (full 5):
 def new generation   total 37632K, used 1654K [0x00000000c0000000, 0x00000000c28d0000, 0x00000000d0000000)
  eden space 33472K,   0% used [0x00000000c0000000, 0x00000000c0000000, 0x00000000c20b0000)
  from space 4160K,  39% used [0x00000000c20b0000, 0x00000000c224da78, 0x00000000c24c0000)
  to   space 4160K,   0% used [0x00000000c24c0000, 0x00000000c24c0000, 0x00000000c28d0000)
 tenured generation   total 83560K, used 69023K [0x00000000d0000000, 0x00000000d519a000, 0x00000000f0000000)
   the space 83560K,  82% used [0x00000000d0000000, 0x00000000d4367fb0, 0x00000000d4368000, 0x00000000d519a000)
 compacting perm gen  total 52928K, used 52819K [0x00000000f0000000, 0x00000000f33b0000, 0x0000000100000000)
   the space 52928K,  99% used [0x00000000f0000000, 0x00000000f3394c28, 0x00000000f3394e00, 0x00000000f33b0000)
No shared spaces configured.
}
Event: 42.141 GC heap before
{Heap before GC invocations=204 (full 5):
 def new generation   total 37632K, used 35126K [0x00000000c0000000, 0x00000000c28d0000, 0x00000000d0000000)
  eden space 33472K, 100% used [0x00000000c0000000, 0x00000000c20b0000, 0x00000000c20b0000)
  from space 4160K,  39% used [0x00000000c20b0000, 0x00000000c224da78, 0x00000000c24c0000)
  to   space 4160K,   0% used [0x00000000c24c0000, 0x00000000c24c0000, 0x00000000c28d0000)
 tenured generation   total 83560K, used 69023K [0x00000000d0000000, 0x00000000d519a000, 0x00000000f0000000)
   the space 83560K,  82% used [0x00000000d0000000, 0x00000000d4367fb0, 0x00000000d4368000, 0x00000000d519a000)
 compacting perm gen  total 53568K, used 53267K [0x00000000f0000000, 0x00000000f3450000, 0x0000000100000000)
   the space 53568K,  99% used [0x00000000f0000000, 0x00000000f3404d70, 0x00000000f3404e00, 0x00000000f3450000)
No shared spaces configured.
Event: 42.168 GC heap after
Heap after GC invocations=205 (full 5):
 def new generation   total 37632K, used 2937K [0x00000000c0000000, 0x00000000c28d0000, 0x00000000d0000000)
  eden space 33472K,   0% used [0x00000000c0000000, 0x00000000c0000000, 0x00000000c20b0000)
  from space 4160K,  70% used [0x00000000c24c0000, 0x00000000c279e6f8, 0x00000000c28d0000)
  to   space 4160K,   0% used [0x00000000c20b0000, 0x00000000c20b0000, 0x00000000c24c0000)
 tenured generation   total 83560K, used 69023K [0x00000000d0000000, 0x00000000d519a000, 0x00000000f0000000)
   the space 83560K,  82% used [0x00000000d0000000, 0x00000000d4367fb0, 0x00000000d4368000, 0x00000000d519a000)
 compacting perm gen  total 53568K, used 53267K [0x00000000f0000000, 0x00000000f3450000, 0x0000000100000000)
   the space 53568K,  99% used [0x00000000f0000000, 0x00000000f3404d70, 0x00000000f3404e00, 0x00000000f3450000)
No shared spaces configured.
}
Event: 43.593 GC heap before
{Heap before GC invocations=205 (full 5):
 def new generation   total 37632K, used 36409K [0x00000000c0000000, 0x00000000c28d0000, 0x00000000d0000000)
  eden space 33472K, 100% used [0x00000000c0000000, 0x00000000c20b0000, 0x00000000c20b0000)
  from space 4160K,  70% used [0x00000000c24c0000, 0x00000000c279e6f8, 0x00000000c28d0000)
  to   space 4160K,   0% used [0x00000000c20b0000, 0x00000000c20b0000, 0x00000000c24c0000)
 tenured generation   total 83560K, used 69023K [0x00000000d0000000, 0x00000000d519a000, 0x00000000f0000000)
   the space 83560K,  82% used [0x00000000d0000000, 0x00000000d4367fb0, 0x00000000d4368000, 0x00000000d519a000)
 compacting perm gen  total 53888K, used 53686K [0x00000000f0000000, 0x00000000f34a0000, 0x0000000100000000)
   the space 53888K,  99% used [0x00000000f0000000, 0x00000000f346d800, 0x00000000f346d800, 0x00000000f34a0000)
No shared spaces configured.
Event: 43.654 GC heap after
Heap after GC invocations=206 (full 5):
 def new generation   total 37632K, used 3969K [0x00000000c0000000, 0x00000000c28d0000, 0x00000000d0000000)
  eden space 33472K,   0% used [0x00000000c0000000, 0x00000000c0000000, 0x00000000c20b0000)
  from space 4160K,  95% used [0x00000000c20b0000, 0x00000000c2490508, 0x00000000c24c0000)
  to   space 4160K,   0% used [0x00000000c24c0000, 0x00000000c24c0000, 0x00000000c28d0000)
 tenured generation   total 83560K, used 70296K [0x00000000d0000000, 0x00000000d519a000, 0x00000000f0000000)
   the space 83560K,  84% used [0x00000000d0000000, 0x00000000d44a6040, 0x00000000d44a6200, 0x00000000d519a000)
 compacting perm gen  total 53888K, used 53686K [0x00000000f0000000, 0x00000000f34a0000, 0x0000000100000000)
   the space 53888K,  99% used [0x00000000f0000000, 0x00000000f346d800, 0x00000000f346d800, 0x00000000f34a0000)
No shared spaces configured.
}
Event: 43.937 GC heap before
{Heap before GC invocations=206 (full 5):
 def new generation   total 37632K, used 16708K [0x00000000c0000000, 0x00000000c28d0000, 0x00000000d0000000)
  eden space 33472K,  38% used [0x00000000c0000000, 0x00000000c0c70e38, 0x00000000c20b0000)
  from space 4160K,  95% used [0x00000000c20b0000, 0x00000000c2490508, 0x00000000c24c0000)
  to   space 4160K,   0% used [0x00000000c24c0000, 0x00000000c24c0000, 0x00000000c28d0000)
 tenured generation   total 83560K, used 70296K [0x00000000d0000000, 0x00000000d519a000, 0x00000000f0000000)
   the space 83560K,  84% used [0x00000000d0000000, 0x00000000d44a6040, 0x00000000d44a6200, 0x00000000d519a000)
 compacting perm gen  total 53888K, used 53887K [0x00000000f0000000, 0x00000000f34a0000, 0x0000000100000000)
   the space 53888K,  99% used [0x00000000f0000000, 0x00000000f349ffd8, 0x00000000f34a0000, 0x00000000f34a0000)
No shared spaces configured.

