# JRE version: Java(TM) SE Runtime Environment (7.0_60-b19) (build 1.7.0_60-b19)
# Java VM: Java HotSpot(TM) 64-Bit Server VM (24.60-b09 mixed mode linux-amd64 compressed oops)
Heap
 def new generation   total 37760K, used 0K [0x00000000c0000000, 0x00000000c28f0000, 0x00000000d0000000)
  eden space 33600K,   0% used [0x00000000c0000000, 0x00000000c0000000, 0x00000000c20d0000)
  from space 4160K,   0% used [0x00000000c20d0000, 0x00000000c20d0000, 0x00000000c24e0000)
  to   space 4160K,   0% used [0x00000000c24e0000, 0x00000000c24e0000, 0x00000000c28f0000)
 tenured generation   total 83724K, used 74679K [0x00000000d0000000, 0x00000000d51c3000, 0x00000000f0000000)
   the space 83724K,  89% used [0x00000000d0000000, 0x00000000d48edfe0, 0x00000000d48ee000, 0x00000000d51c3000)
 compacting perm gen  total 53888K, used 53887K [0x00000000f0000000, 0x00000000f34a0000, 0x0000000100000000)
   the space 53888K,  99% used [0x00000000f0000000, 0x00000000f349ff90, 0x00000000f34a0000, 0x00000000f34a0000)
GC Heap History (10 events):
Event: 44.450 GC heap after
Heap after GC invocations=251 (full 5):
 def new generation   total 37760K, used 3749K [0x00000000c0000000, 0x00000000c28f0000, 0x00000000d0000000)
  eden space 33600K,   0% used [0x00000000c0000000, 0x00000000c0000000, 0x00000000c20d0000)
  from space 4160K,  90% used [0x00000000c20d0000, 0x00000000c24794e0, 0x00000000c24e0000)
  to   space 4160K,   0% used [0x00000000c24e0000, 0x00000000c24e0000, 0x00000000c28f0000)
 tenured generation   total 83724K, used 70104K [0x00000000d0000000, 0x00000000d51c3000, 0x00000000f0000000)
   the space 83724K,  83% used [0x00000000d0000000, 0x00000000d4476260, 0x00000000d4476400, 0x00000000d51c3000)
 compacting perm gen  total 53568K, used 53391K [0x00000000f0000000, 0x00000000f3450000, 0x0000000100000000)
   the space 53568K,  99% used [0x00000000f0000000, 0x00000000f3423f80, 0x00000000f3424000, 0x00000000f3450000)
No shared spaces configured.
}
Event: 44.646 GC heap before
{Heap before GC invocations=251 (full 5):
 def new generation   total 37760K, used 37349K [0x00000000c0000000, 0x00000000c28f0000, 0x00000000d0000000)
  eden space 33600K, 100% used [0x00000000c0000000, 0x00000000c20d0000, 0x00000000c20d0000)
  from space 4160K,  90% used [0x00000000c20d0000, 0x00000000c24794e0, 0x00000000c24e0000)
  to   space 4160K,   0% used [0x00000000c24e0000, 0x00000000c24e0000, 0x00000000c28f0000)
 tenured generation   total 83724K, used 70104K [0x00000000d0000000, 0x00000000d51c3000, 0x00000000f0000000)
   the space 83724K,  83% used [0x00000000d0000000, 0x00000000d4476260, 0x00000000d4476400, 0x00000000d51c3000)
 compacting perm gen  total 53568K, used 53510K [0x00000000f0000000, 0x00000000f3450000, 0x0000000100000000)
   the space 53568K,  99% used [0x00000000f0000000, 0x00000000f3441b90, 0x00000000f3441c00, 0x00000000f3450000)
No shared spaces configured.
Event: 44.670 GC heap after
Heap after GC invocations=252 (full 5):
 def new generation   total 37760K, used 234K [0x00000000c0000000, 0x00000000c28f0000, 0x00000000d0000000)
  eden space 33600K,   0% used [0x00000000c0000000, 0x00000000c0000000, 0x00000000c20d0000)
  from space 4160K,   5% used [0x00000000c24e0000, 0x00000000c251a8c8, 0x00000000c28f0000)
  to   space 4160K,   0% used [0x00000000c20d0000, 0x00000000c20d0000, 0x00000000c24e0000)
 tenured generation   total 83724K, used 73553K [0x00000000d0000000, 0x00000000d51c3000, 0x00000000f0000000)
   the space 83724K,  87% used [0x00000000d0000000, 0x00000000d47d4790, 0x00000000d47d4800, 0x00000000d51c3000)
 compacting perm gen  total 53568K, used 53510K [0x00000000f0000000, 0x00000000f3450000, 0x0000000100000000)
   the space 53568K,  99% used [0x00000000f0000000, 0x00000000f3441b90, 0x00000000f3441c00, 0x00000000f3450000)
No shared spaces configured.
}
Event: 44.723 GC heap before
{Heap before GC invocations=252 (full 5):
 def new generation   total 37760K, used 32733K [0x00000000c0000000, 0x00000000c28f0000, 0x00000000d0000000)
  eden space 33600K,  96% used [0x00000000c0000000, 0x00000000c1fbce00, 0x00000000c20d0000)
  from space 4160K,   5% used [0x00000000c24e0000, 0x00000000c251a8c8, 0x00000000c28f0000)
  to   space 4160K,   0% used [0x00000000c20d0000, 0x00000000c20d0000, 0x00000000c24e0000)
 tenured generation   total 83724K, used 73553K [0x00000000d0000000, 0x00000000d51c3000, 0x00000000f0000000)
   the space 83724K,  87% used [0x00000000d0000000, 0x00000000d47d4790, 0x00000000d47d4800, 0x00000000d51c3000)
 compacting perm gen  total 53888K, used 53682K [0x00000000f0000000, 0x00000000f34a0000, 0x0000000100000000)
   the space 53888K,  99% used [0x00000000f0000000, 0x00000000f346c828, 0x00000000f346ca00, 0x00000000f34a0000)
No shared spaces configured.
Event: 44.726 GC heap after
Heap after GC invocations=253 (full 5):
 def new generation   total 37760K, used 356K [0x00000000c0000000, 0x00000000c28f0000, 0x00000000d0000000)
  eden space 33600K,   0% used [0x00000000c0000000, 0x00000000c0000000, 0x00000000c20d0000)
  from space 4160K,   8% used [0x00000000c20d0000, 0x00000000c2129308, 0x00000000c24e0000)
  to   space 4160K,   0% used [0x00000000c24e0000, 0x00000000c24e0000, 0x00000000c28f0000)
 tenured generation   total 83724K, used 73553K [0x00000000d0000000, 0x00000000d51c3000, 0x00000000f0000000)
   the space 83724K,  87% used [0x00000000d0000000, 0x00000000d47d4790, 0x00000000d47d4800, 0x00000000d51c3000)
 compacting perm gen  total 53888K, used 53682K [0x00000000f0000000, 0x00000000f34a0000, 0x0000000100000000)
   the space 53888K,  99% used [0x00000000f0000000, 0x00000000f346c828, 0x00000000f346ca00, 0x00000000f34a0000)
No shared spaces configured.
}
Event: 44.760 GC heap before
{Heap before GC invocations=253 (full 5):
 def new generation   total 37760K, used 33956K [0x00000000c0000000, 0x00000000c28f0000, 0x00000000d0000000)
  eden space 33600K, 100% used [0x00000000c0000000, 0x00000000c20d0000, 0x00000000c20d0000)
  from space 4160K,   8% used [0x00000000c20d0000, 0x00000000c2129308, 0x00000000c24e0000)
  to   space 4160K,   0% used [0x00000000c24e0000, 0x00000000c24e0000, 0x00000000c28f0000)
 tenured generation   total 83724K, used 73553K [0x00000000d0000000, 0x00000000d51c3000, 0x00000000f0000000)
   the space 83724K,  87% used [0x00000000d0000000, 0x00000000d47d4790, 0x00000000d47d4800, 0x00000000d51c3000)
 compacting perm gen  total 53888K, used 53780K [0x00000000f0000000, 0x00000000f34a0000, 0x0000000100000000)
   the space 53888K,  99% used [0x00000000f0000000, 0x00000000f3485350, 0x00000000f3485400, 0x00000000f34a0000)
No shared spaces configured.
Event: 44.765 GC heap after
Heap after GC invocations=254 (full 5):
 def new generation   total 37760K, used 408K [0x00000000c0000000, 0x00000000c28f0000, 0x00000000d0000000)
  eden space 33600K,   0% used [0x00000000c0000000, 0x00000000c0000000, 0x00000000c20d0000)
  from space 4160K,   9% used [0x00000000c24e0000, 0x00000000c25463f8, 0x00000000c28f0000)
  to   space 4160K,   0% used [0x00000000c20d0000, 0x00000000c20d0000, 0x00000000c24e0000)
 tenured generation   total 83724K, used 73553K [0x00000000d0000000, 0x00000000d51c3000, 0x00000000f0000000)
   the space 83724K,  87% used [0x00000000d0000000, 0x00000000d47d4790, 0x00000000d47d4800, 0x00000000d51c3000)
 compacting perm gen  total 53888K, used 53780K [0x00000000f0000000, 0x00000000f34a0000, 0x0000000100000000)
   the space 53888K,  99% used [0x00000000f0000000, 0x00000000f3485350, 0x00000000f3485400, 0x00000000f34a0000)
No shared spaces configured.
}
Event: 45.014 GC heap before
{Heap before GC invocations=254 (full 5):
 def new generation   total 37760K, used 34008K [0x00000000c0000000, 0x00000000c28f0000, 0x00000000d0000000)
  eden space 33600K, 100% used [0x00000000c0000000, 0x00000000c20d0000, 0x00000000c20d0000)
  from space 4160K,   9% used [0x00000000c24e0000, 0x00000000c25463f8, 0x00000000c28f0000)
  to   space 4160K,   0% used [0x00000000c20d0000, 0x00000000c20d0000, 0x00000000c24e0000)
 tenured generation   total 83724K, used 73553K [0x00000000d0000000, 0x00000000d51c3000, 0x00000000f0000000)
   the space 83724K,  87% used [0x00000000d0000000, 0x00000000d47d4790, 0x00000000d47d4800, 0x00000000d51c3000)
 compacting perm gen  total 53888K, used 53876K [0x00000000f0000000, 0x00000000f34a0000, 0x0000000100000000)
   the space 53888K,  99% used [0x00000000f0000000, 0x00000000f349d088, 0x00000000f349d200, 0x00000000f34a0000)
No shared spaces configured.
Event: 45.027 GC heap after
Heap after GC invocations=255 (full 5):
 def new generation   total 37760K, used 1146K [0x00000000c0000000, 0x00000000c28f0000, 0x00000000d0000000)
  eden space 33600K,   0% used [0x00000000c0000000, 0x00000000c0000000, 0x00000000c20d0000)
  from space 4160K,  27% used [0x00000000c20d0000, 0x00000000c21eebf0, 0x00000000c24e0000)
  to   space 4160K,   0% used [0x00000000c24e0000, 0x00000000c24e0000, 0x00000000c28f0000)
 tenured generation   total 83724K, used 73553K [0x00000000d0000000, 0x00000000d51c3000, 0x00000000f0000000)
   the space 83724K,  87% used [0x00000000d0000000, 0x00000000d47d4790, 0x00000000d47d4800, 0x00000000d51c3000)
 compacting perm gen  total 53888K, used 53876K [0x00000000f0000000, 0x00000000f34a0000, 0x0000000100000000)
   the space 53888K,  99% used [0x00000000f0000000, 0x00000000f349d088, 0x00000000f349d200, 0x00000000f34a0000)
No shared spaces configured.
}
Event: 45.099 GC heap before
{Heap before GC invocations=255 (full 5):
 def new generation   total 37760K, used 18779K [0x00000000c0000000, 0x00000000c28f0000, 0x00000000d0000000)
  eden space 33600K,  52% used [0x00000000c0000000, 0x00000000c1138020, 0x00000000c20d0000)
  from space 4160K,  27% used [0x00000000c20d0000, 0x00000000c21eebf0, 0x00000000c24e0000)
  to   space 4160K,   0% used [0x00000000c24e0000, 0x00000000c24e0000, 0x00000000c28f0000)
 tenured generation   total 83724K, used 73553K [0x00000000d0000000, 0x00000000d51c3000, 0x00000000f0000000)
   the space 83724K,  87% used [0x00000000d0000000, 0x00000000d47d4790, 0x00000000d47d4800, 0x00000000d51c3000)
 compacting perm gen  total 53888K, used 53887K [0x00000000f0000000, 0x00000000f34a0000, 0x0000000100000000)
   the space 53888K,  99% used [0x00000000f0000000, 0x00000000f349ff90, 0x00000000f34a0000, 0x00000000f34a0000)
No shared spaces configured.

